<?xml version="1.0" encoding="UTF-8"?>
<!-- Generated by org.testng.reporters.JUnitReportReporter -->
<testsuite skipped="0" hostname="Rajas-MacBook-Pro.local" name="com.funimation.BDD.TestNGSamples" tests="1" failures="0" timestamp="22 Jul 2018 19:55:10 GMT" time="0.006" errors="0">
  <testcase name="login" time="0.006" classname="com.funimation.BDD.TestNGSamples"/>
</testsuite> <!-- com.funimation.BDD.TestNGSamples -->
